{
  "RSpec": {
    "coverage": {
      "/home/sarahbd97/tic-tac-toe-rb-ruby-apply-000/lib/tic_tac_toe.rb": [
        null,
        1,
        null,
        null,
        null,
        null,
        null,
        null,
        null,
        null,
        null,
        1,
        24,
        24,
        24,
        24,
        24,
        null,
        null,
        1,
        23,
        23,
        null,
        null,
        1,
        22,
        22,
        null,
        null,
        1,
        25,
        22,
        3,
        3,
        null,
        null,
        null,
        1,
        23,
        20,
        null,
        3,
        null,
        null,
        null,
        1,
        20,
        20,
        20,
        20,
        20,
        19,
        19,
        null,
        1,
        null,
        null,
        null,
        1,
        22,
        22,
        198,
        31,
        null,
        null,
        22,
        null,
        null,
        1,
        21,
        21,
        15,
        null,
        6,
        null,
        null,
        null,
        1,
        66,
        1688,
        24,
        null,
        null,
        42,
        null,
        null,
        1,
        183,
        null,
        null,
        1,
        23,
        7,
        null,
        16,
        null,
        null,
        null,
        1,
        21,
        10,
        null,
        11,
        null,
        null,
        null,
        1,
        7,
        6,
        null,
        null,
        null,
        1,
        12,
        17,
        null,
        12,
        5,
        7,
        3,
        null,
        null
      ]
    },
    "timestamp": 1598407073
  }
}
